TN:
SF:src/scripts/color-utils.ts
FN:19,selectSwatchColors
FN:39,loadCache
FN:53,writeCache
FN:62,_resetCacheForTesting
FN:68,readImageDimensions
FN:84,extractDominantColors
FNF:6
FNH:6
FNDA:20,selectSwatchColors
FNDA:18,loadCache
FNDA:12,writeCache
FNDA:17,_resetCacheForTesting
FNDA:7,readImageDimensions
FNDA:19,extractDominantColors
DA:10,1
DA:20,20
DA:21,20
DA:22,90
DA:23,74
DA:24,74
DA:26,20
DA:34,1
DA:37,1
DA:40,18
DA:41,16
DA:42,16
DA:43,4
DA:44,4
DA:49,14
DA:50,14
DA:54,12
DA:55,12
DA:63,17
DA:71,7
DA:72,6
DA:73,6
DA:74,6
DA:75,4
DA:76,2
DA:78,2
DA:85,19
DA:87,18
DA:88,18
DA:90,14
DA:91,14
DA:92,14
DA:93,12
DA:94,12
DA:95,12
DA:96,12
DA:98,2
LF:37
LH:37
BRDA:22,0,0,16
BRDA:22,0,1,74
BRDA:24,1,0,51
BRDA:24,1,1,23
BRDA:40,2,0,2
BRDA:40,2,1,16
BRDA:42,3,0,4
BRDA:42,3,1,12
BRDA:71,4,0,1
BRDA:71,4,1,6
BRDA:75,5,0,2
BRDA:75,5,1,2
BRDA:75,6,0,4
BRDA:75,6,1,3
BRDA:85,7,0,1
BRDA:85,7,1,18
BRDA:88,8,0,4
BRDA:88,8,1,14
BRF:18
BRH:18
end_of_record
TN:
SF:src/scripts/content-utils.ts
FN:9,slugFromPath
FN:16,filenameFromPath
FN:20,normalizeSlugKey
FN:24,normalizeComparablePath
FN:28,seededRandom
FN:33,svgDataUrl
FN:37,buildPlaceholderPattern
FN:71,placeholderDescription
FN:78,rationalToNumber
FN:89,formatDecimal
FN:93,cleanExifString
FN:102,stripLeadingToken
FN:108,splitMakeAndModel
FN:118,pickCameraFromText
FN:129,(anonymous_14)
FN:133,(anonymous_15)
FN:136,(anonymous_16)
FN:136,(anonymous_17)
FN:143,approximateIphoneFocal
FN:153,resolutionUnitToMM
FNF:20
FNH:20
FNDA:3,slugFromPath
FNDA:2,filenameFromPath
FNDA:3,normalizeSlugKey
FNDA:3,normalizeComparablePath
FNDA:339,seededRandom
FNDA:7,svgDataUrl
FNDA:5,buildPlaceholderPattern
FNDA:4,placeholderDescription
FNDA:5,rationalToNumber
FNDA:3,formatDecimal
FNDA:23,cleanExifString
FNDA:4,stripLeadingToken
FNDA:10,splitMakeAndModel
FNDA:7,pickCameraFromText
FNDA:2,(anonymous_14)
FNDA:10,(anonymous_15)
FNDA:7,(anonymous_16)
FNDA:3,(anonymous_17)
FNDA:9,approximateIphoneFocal
FNDA:6,resolutionUnitToMM
DA:11,3
DA:12,3
DA:13,3
DA:17,2
DA:21,3
DA:25,3
DA:29,339
DA:30,339
DA:34,7
DA:38,5
DA:39,5
DA:40,5
DA:41,5
DA:43,5
DA:44,55
DA:45,55
DA:46,55
DA:47,55
DA:48,55
DA:49,55
DA:50,55
DA:51,55
DA:56,5
DA:68,5
DA:72,4
DA:73,3
DA:74,2
DA:75,1
DA:79,5
DA:80,4
DA:81,3
DA:82,3
DA:83,1
DA:86,3
DA:90,3
DA:94,23
DA:95,14
DA:96,14
DA:97,12
DA:98,11
DA:99,9
DA:103,4
DA:104,4
DA:105,4
DA:109,10
DA:110,10
DA:111,9
DA:112,9
DA:113,7
DA:114,7
DA:115,6
DA:119,7
DA:120,7
DA:121,2
DA:122,2
DA:126,6
DA:129,2
DA:131,7
DA:132,7
DA:133,10
DA:134,5
DA:136,7
DA:137,5
DA:140,2
DA:144,9
DA:145,7
DA:146,7
DA:147,6
DA:148,5
DA:149,4
DA:150,2
DA:154,6
DA:155,4
DA:157,1
DA:159,1
DA:161,1
DA:163,1
LF:77
LH:77
BRDA:21,0,0,3
BRDA:21,0,1,1
BRDA:72,1,0,1
BRDA:72,1,1,3
BRDA:73,2,0,1
BRDA:73,2,1,2
BRDA:74,3,0,1
BRDA:74,3,1,1
BRDA:79,4,0,1
BRDA:79,4,1,4
BRDA:80,5,0,3
BRDA:80,5,1,1
BRDA:80,6,0,4
BRDA:80,6,1,3
BRDA:82,7,0,1
BRDA:82,7,1,2
BRDA:82,8,0,3
BRDA:82,8,1,3
BRDA:82,8,2,2
BRDA:94,9,0,9
BRDA:94,9,1,14
BRDA:96,10,0,2
BRDA:96,10,1,12
BRDA:97,11,0,1
BRDA:97,11,1,11
BRDA:98,12,0,2
BRDA:98,12,1,9
BRDA:110,13,0,1
BRDA:110,13,1,9
BRDA:112,14,0,2
BRDA:112,14,1,7
BRDA:114,15,0,1
BRDA:114,15,1,6
BRDA:120,16,0,2
BRDA:120,16,1,5
BRDA:122,17,0,1
BRDA:122,17,1,1
BRDA:126,18,0,4
BRDA:126,18,1,2
BRDA:128,19,0,1
BRDA:128,19,1,1
BRDA:132,20,0,5
BRDA:132,20,1,2
BRDA:136,21,0,5
BRDA:136,21,1,2
BRDA:136,22,0,7
BRDA:136,22,1,5
BRDA:137,23,0,4
BRDA:137,23,1,1
BRDA:144,24,0,2
BRDA:144,24,1,7
BRDA:144,25,0,1
BRDA:144,25,1,1
BRDA:146,26,0,1
BRDA:146,26,1,6
BRDA:147,27,0,1
BRDA:147,27,1,5
BRDA:148,28,0,1
BRDA:148,28,1,4
BRDA:149,29,0,2
BRDA:149,29,1,2
BRDA:149,30,0,4
BRDA:149,30,1,3
BRDA:150,31,0,1
BRDA:150,31,1,1
BRDA:154,32,0,2
BRDA:154,32,1,4
BRDA:155,33,0,4
BRDA:155,33,1,1
BRDA:155,33,2,1
BRDA:155,33,3,1
BRF:71
BRH:71
end_of_record
TN:
SF:src/scripts/keyboard-nav.ts
FN:4,(anonymous_0)
FN:20,(anonymous_1)
FN:25,(anonymous_2)
FN:36,(anonymous_3)
FN:40,(anonymous_4)
FN:48,(anonymous_5)
FN:56,(anonymous_6)
FN:59,(anonymous_7)
FN:65,(anonymous_8)
FN:68,(anonymous_9)
FN:78,(anonymous_10)
FN:84,(anonymous_11)
FN:92,(anonymous_12)
FN:109,(anonymous_13)
FN:116,(anonymous_14)
FN:117,(anonymous_15)
FNF:16
FNH:16
FNDA:32,(anonymous_0)
FNDA:81,(anonymous_1)
FNDA:2,(anonymous_2)
FNDA:78,(anonymous_3)
FNDA:234,(anonymous_4)
FNDA:52,(anonymous_5)
FNDA:29,(anonymous_6)
FNDA:84,(anonymous_7)
FNDA:108,(anonymous_8)
FNDA:1,(anonymous_9)
FNDA:329,(anonymous_10)
FNDA:265,(anonymous_11)
FNDA:329,(anonymous_12)
FNDA:105,(anonymous_13)
FNDA:1,(anonymous_14)
FNDA:1,(anonymous_15)
DA:1,1
DA:2,1
DA:4,1
DA:5,32
DA:6,32
DA:8,30
DA:10,30
DA:11,2
DA:12,2
DA:16,28
DA:17,28
DA:19,28
DA:20,27
DA:21,81
DA:22,81
DA:23,81
DA:24,81
DA:25,81
DA:26,81
DA:27,81
DA:31,28
DA:32,28
DA:36,28
DA:37,78
DA:38,78
DA:39,78
DA:40,78
DA:41,234
DA:42,234
DA:43,234
DA:45,78
DA:48,28
DA:49,52
DA:50,52
DA:55,28
DA:56,28
DA:57,29
DA:58,28
DA:59,28
DA:60,84
DA:61,56
DA:65,28
DA:66,108
DA:67,28
DA:68,28
DA:71,28
DA:72,28
DA:76,28
DA:78,28
DA:79,329
DA:80,329
DA:81,329
DA:84,28
DA:85,265
DA:86,265
DA:87,50
DA:88,50
DA:89,50
DA:92,28
DA:93,329
DA:96,278
DA:100,329
DA:101,263
DA:103,263
DA:105,263
DA:106,329
DA:109,28
DA:110,105
DA:111,105
DA:116,28
DA:117,32
DA:120,1
DA:121,1
DA:122,0
DA:124,1
LF:75
LH:74
BRDA:6,0,0,2
BRDA:6,0,1,30
BRDA:10,1,0,2
BRDA:10,1,1,28
BRDA:19,2,0,27
BRDA:19,2,1,1
BRDA:43,3,0,79
BRDA:43,3,1,155
BRDA:50,4,0,52
BRDA:50,4,1,0
BRDA:57,5,0,1
BRDA:57,5,1,28
BRDA:60,6,0,28
BRDA:60,6,1,56
BRDA:66,7,0,80
BRDA:66,7,1,28
BRDA:79,8,0,0
BRDA:79,8,1,329
BRDA:81,9,0,329
BRDA:81,9,1,313
BRDA:81,9,2,296
BRDA:86,10,0,215
BRDA:86,10,1,50
BRDA:93,11,0,51
BRDA:93,11,1,278
BRDA:96,12,0,197
BRDA:96,12,1,81
BRDA:96,13,0,278
BRDA:96,13,1,151
BRDA:96,13,2,118
BRDA:97,14,0,66
BRDA:97,14,1,15
BRDA:97,15,0,81
BRDA:97,15,1,50
BRDA:100,16,0,15
BRDA:100,16,1,314
BRDA:101,17,0,37
BRDA:101,17,1,226
BRDA:105,18,0,197
BRDA:105,18,1,66
BRDA:110,19,0,63
BRDA:110,19,1,42
BRDA:110,20,0,105
BRDA:110,20,1,86
BRDA:110,20,2,65
BRDA:111,21,0,42
BRDA:111,21,1,63
BRDA:111,22,0,105
BRDA:111,22,1,85
BRDA:120,23,0,1
BRDA:120,23,1,0
BRDA:121,24,0,0
BRDA:121,24,1,1
BRF:53
BRH:49
end_of_record
TN:
SF:src/scripts/paths.ts
FN:3,normalizedBase
FN:9,withBase
FN:16,normalizePathname
FNF:3
FNH:3
FNDA:10,normalizedBase
FNDA:10,withBase
FNDA:6,normalizePathname
DA:1,5
DA:4,10
DA:5,10
DA:6,6
DA:10,10
DA:11,10
DA:12,10
DA:13,8
DA:17,6
DA:18,5
DA:19,6
LF:11
LH:11
BRDA:1,0,0,5
BRDA:1,0,1,0
BRDA:5,1,0,4
BRDA:5,1,1,6
BRDA:5,2,0,10
BRDA:5,2,1,10
BRDA:6,3,0,3
BRDA:6,3,1,3
BRDA:12,4,0,2
BRDA:12,4,1,8
BRDA:17,5,0,1
BRDA:17,5,1,5
BRDA:18,6,0,4
BRDA:18,6,1,1
BRDA:19,7,0,6
BRDA:19,7,1,1
BRF:16
BRH:15
end_of_record
