TN:
SF:src/scripts/color-utils.ts
FN:17,selectSwatchColors
FN:27,extractDominantColors
FNF:2
FNH:2
FNDA:12,selectSwatchColors
FNDA:7,extractDominantColors
DA:8,1
DA:18,12
DA:19,12
DA:20,58
DA:21,50
DA:22,50
DA:24,12
DA:28,7
DA:29,6
DA:30,6
DA:31,6
DA:32,4
DA:34,2
LF:13
LH:13
BRDA:20,0,0,8
BRDA:20,0,1,50
BRDA:22,1,0,27
BRDA:22,1,1,23
BRDA:28,2,0,1
BRDA:28,2,1,6
BRF:6
BRH:6
end_of_record
TN:
SF:src/scripts/content-utils.ts
FN:9,slugFromPath
FN:16,filenameFromPath
FN:20,normalizeSlugKey
FN:24,normalizeComparablePath
FN:28,seededRandom
FN:33,svgDataUrl
FN:37,buildPlaceholderPattern
FN:71,placeholderDescription
FN:78,rationalToNumber
FN:89,formatDecimal
FN:93,cleanExifString
FN:102,stripLeadingToken
FN:108,splitMakeAndModel
FN:118,pickCameraFromText
FN:129,(anonymous_14)
FN:133,(anonymous_15)
FN:136,(anonymous_16)
FN:136,(anonymous_17)
FN:143,approximateIphoneFocal
FN:153,resolutionUnitToMM
FNF:20
FNH:19
FNDA:3,slugFromPath
FNDA:2,filenameFromPath
FNDA:3,normalizeSlugKey
FNDA:3,normalizeComparablePath
FNDA:339,seededRandom
FNDA:7,svgDataUrl
FNDA:5,buildPlaceholderPattern
FNDA:4,placeholderDescription
FNDA:5,rationalToNumber
FNDA:3,formatDecimal
FNDA:17,cleanExifString
FNDA:4,stripLeadingToken
FNDA:8,splitMakeAndModel
FNDA:4,pickCameraFromText
FNDA:2,(anonymous_14)
FNDA:4,(anonymous_15)
FNDA:2,(anonymous_16)
FNDA:0,(anonymous_17)
FNDA:8,approximateIphoneFocal
FNDA:6,resolutionUnitToMM
DA:11,3
DA:12,3
DA:13,3
DA:17,2
DA:21,3
DA:25,3
DA:29,339
DA:30,339
DA:34,7
DA:38,5
DA:39,5
DA:40,5
DA:41,5
DA:43,5
DA:44,55
DA:45,55
DA:46,55
DA:47,55
DA:48,55
DA:49,55
DA:50,55
DA:51,55
DA:56,5
DA:68,5
DA:72,4
DA:73,3
DA:74,2
DA:75,1
DA:79,5
DA:80,4
DA:81,3
DA:82,3
DA:83,1
DA:86,3
DA:90,3
DA:94,17
DA:95,10
DA:96,10
DA:97,8
DA:98,7
DA:99,5
DA:103,4
DA:104,4
DA:105,4
DA:109,8
DA:110,8
DA:111,7
DA:112,7
DA:113,6
DA:114,6
DA:115,5
DA:119,4
DA:120,4
DA:121,1
DA:122,1
DA:126,3
DA:129,2
DA:131,4
DA:132,4
DA:133,4
DA:134,2
DA:136,2
DA:137,2
DA:140,1
DA:144,8
DA:145,6
DA:146,6
DA:147,5
DA:148,4
DA:149,3
DA:150,1
DA:154,6
DA:155,4
DA:157,1
DA:159,1
DA:161,1
DA:163,1
LF:77
LH:77
BRDA:21,0,0,3
BRDA:21,0,1,1
BRDA:72,1,0,1
BRDA:72,1,1,3
BRDA:73,2,0,1
BRDA:73,2,1,2
BRDA:74,3,0,1
BRDA:74,3,1,1
BRDA:79,4,0,1
BRDA:79,4,1,4
BRDA:80,5,0,3
BRDA:80,5,1,1
BRDA:80,6,0,4
BRDA:80,6,1,3
BRDA:82,7,0,1
BRDA:82,7,1,2
BRDA:82,8,0,3
BRDA:82,8,1,3
BRDA:82,8,2,2
BRDA:94,9,0,7
BRDA:94,9,1,10
BRDA:96,10,0,2
BRDA:96,10,1,8
BRDA:97,11,0,1
BRDA:97,11,1,7
BRDA:98,12,0,2
BRDA:98,12,1,5
BRDA:110,13,0,1
BRDA:110,13,1,7
BRDA:112,14,0,1
BRDA:112,14,1,6
BRDA:114,15,0,1
BRDA:114,15,1,5
BRDA:120,16,0,1
BRDA:120,16,1,3
BRDA:122,17,0,1
BRDA:122,17,1,0
BRDA:126,18,0,1
BRDA:126,18,1,2
BRDA:128,19,0,1
BRDA:128,19,1,1
BRDA:132,20,0,2
BRDA:132,20,1,2
BRDA:136,21,0,2
BRDA:136,21,1,0
BRDA:136,22,0,2
BRDA:136,22,1,2
BRDA:137,23,0,2
BRDA:137,23,1,0
BRDA:144,24,0,2
BRDA:144,24,1,6
BRDA:144,25,0,1
BRDA:144,25,1,1
BRDA:146,26,0,1
BRDA:146,26,1,5
BRDA:147,27,0,1
BRDA:147,27,1,4
BRDA:148,28,0,1
BRDA:148,28,1,3
BRDA:149,29,0,2
BRDA:149,29,1,1
BRDA:149,30,0,3
BRDA:149,30,1,2
BRDA:150,31,0,1
BRDA:150,31,1,0
BRDA:154,32,0,2
BRDA:154,32,1,4
BRDA:155,33,0,4
BRDA:155,33,1,1
BRDA:155,33,2,1
BRDA:155,33,3,1
BRF:71
BRH:67
end_of_record
TN:
SF:src/scripts/paths.ts
FN:3,normalizedBase
FN:9,withBase
FN:16,normalizePathname
FNF:3
FNH:3
FNDA:9,normalizedBase
FNDA:9,withBase
FNDA:6,normalizePathname
DA:1,4
DA:4,9
DA:5,9
DA:6,6
DA:10,9
DA:11,9
DA:12,9
DA:13,7
DA:17,6
DA:18,5
DA:19,6
LF:11
LH:11
BRDA:1,0,0,4
BRDA:1,0,1,0
BRDA:5,1,0,3
BRDA:5,1,1,6
BRDA:5,2,0,9
BRDA:5,2,1,9
BRDA:6,3,0,3
BRDA:6,3,1,3
BRDA:12,4,0,2
BRDA:12,4,1,7
BRDA:17,5,0,1
BRDA:17,5,1,5
BRDA:18,6,0,4
BRDA:18,6,1,1
BRDA:19,7,0,6
BRDA:19,7,1,1
BRF:16
BRH:15
end_of_record
